INFO:[mlm_description_only_checkpoint.py:55] - Starting run, using only concept descriptions for this training [2023-01-05 20:00:00,539]
INFO:[mlm_description_only_checkpoint.py:57] - Loading models and the tokenizer for the pretrained model xlm_roberta-job_ads_checkpoint [2023-01-05 20:00:00,539]
INFO:[mlm_description_only_checkpoint.py:61] - Loading raw datasets [2023-01-05 20:00:05,983]
INFO:[mlm_description_only_checkpoint.py:71] - Getting only the description subsets [2023-01-05 20:00:06,081]
INFO:[mlm_description_only_checkpoint.py:76] - Appending desc data and adding temp label column [2023-01-05 20:00:06,089]
INFO:[mlm_description_only_checkpoint.py:82] - The combined data has the columns: Index(['text', 'labels'], dtype='object'), and shape (16910, 2) [2023-01-05 20:00:06,092]
INFO:[mlm_description_only_checkpoint.py:84] - Creating the datasets Dataset object for using in the pipeline [2023-01-05 20:00:06,092]
INFO:[mlm_description_only_checkpoint.py:87] - Creating dict from the dataset [2023-01-05 20:00:06,115]
INFO:[mlm_description_only_checkpoint.py:100] - The total length of the input ids in tokenized dataset is 16910 [2023-01-05 20:00:09,738]
INFO:[mlm_description_only_checkpoint.py:102] - The length of a random input in this dataset is 17 [2023-01-05 20:00:10,244]
INFO:[mlm_description_only_checkpoint.py:104] - Setting chunk size to concat descriptions longer than 512 tokens [2023-01-05 20:00:10,244]
INFO:[mlm_description_only_checkpoint.py:124] - Formatting the datasets to keep each input of length 512 tokens [2023-01-05 20:00:10,244]
INFO:[mlm_description_only_checkpoint.py:128] - After creating chunks, below are the statistics of the data:
Initial data was in variable tokenized_dataset with total tokens being 785823, after creatingchunks, the total tokens in the dataset are 783104 [2023-01-05 20:00:14,255]
INFO:[mlm_description_only_checkpoint.py:134] - Creating train and evaluation datasets for fine-tuning [2023-01-05 20:00:14,255]
INFO:[mlm_description_only_checkpoint.py:144] - Creating the data collator class since there are only descriptions here in this case [2023-01-05 20:00:14,715]
INFO:[mlm_description_only_checkpoint.py:149] - Setting training arguments [2023-01-05 20:00:15,266]
INFO:[distributed_c10d.py:319] - Added key: store_based_barrier_key:1 to store for rank: 4 [2023-01-05 20:00:15,305]
INFO:[distributed_c10d.py:353] - Rank 0: Completed store-based barrier for key:store_based_barrier_key:1 with 5 nodes. [2023-01-05 20:00:15,313]
INFO:[mlm_description_only_checkpoint.py:168] - Initiating trainer object [2023-01-05 20:00:15,481]
INFO:[mlm_description_only_checkpoint.py:174] - Starting training [2023-01-05 20:00:18,021]
INFO:[mlm_description_only_checkpoint.py:177] - Saving best model from the best model at end config [2023-01-06 03:35:24,219]
