INFO:[build_vectors_and_index.py:119] - The configuration as per the language has been created, the following variables are created [2023-01-04 17:29:53,256]
INFO:[build_vectors_and_index.py:120] - BASE_MODEL_DIR: /cluster/scratch/yakram/de_models [2023-01-04 17:29:53,266]
INFO:[build_vectors_and_index.py:121] - CHECKPOINT_PATH: /cluster/scratch/yakram/de_models/./xlm_roberta-job_ads_checkpoint [2023-01-04 17:29:53,266]
INFO:[build_vectors_and_index.py:122] - OUTPUT_DIRECTORY: /cluster/scratch/yakram/sbert-copy/vectors/de_vectors/xlm_roberta-job_ads_checkpoint [2023-01-04 17:29:53,266]
INFO:[build_vectors_and_index.py:135] - The file locations as per the language has been fetched, the following variables are created [2023-01-04 17:29:53,266]
INFO:[build_vectors_and_index.py:136] - BASE_FILE_PATH: /cluster/scratch/yakram/sbert-copy/2_build_vectors [2023-01-04 17:29:53,266]
INFO:[build_vectors_and_index.py:137] - RANDOM_SAMPLE_FILE_PATH: /cluster/scratch/yakram/sbert-copy/2_build_vectors/../jobads/random_sample_de.jsonl [2023-01-04 17:29:53,266]
INFO:[build_vectors_and_index.py:138] - CHALLENGE_SAMPLE_FILE_PATH: /cluster/scratch/yakram/sbert-copy/2_build_vectors/../jobads/challenge_sample_de.jsonl [2023-01-04 17:29:53,266]
INFO:[build_vectors_and_index.py:139] - CLASSLABELS_FILE_PATH: /cluster/scratch/yakram/sbert-copy/2_build_vectors/../skillontology/classL4up_labels_de.jsonl [2023-01-04 17:29:53,267]
INFO:[build_vectors_and_index.py:140] - ESCO_ONTOLOGY_TERM_FILE_PATH: /cluster/scratch/yakram/sbert-copy/2_build_vectors/../skillontology/ontology_terms_de.jsonl [2023-01-04 17:29:53,267]
INFO:[build_vectors_and_index.py:144] - Performing sanity check [2023-01-04 17:29:53,267]
INFO:[build_vectors_and_index.py:150] - Sanity check completed [2023-01-04 17:29:53,289]
INFO:[build_vectors_and_index.py:436] - Creating embeddings for job ads random and challenge sample [2023-01-04 17:30:08,644]
INFO:[build_vectors_and_index.py:385] - Starting the embedding workflow for job ads data [2023-01-04 17:30:08,645]
INFO:[build_vectors_and_index.py:392] - The embeddings "with" context will be stored in file /cluster/scratch/yakram/sbert-copy/vectors/de_vectors/xlm_roberta-job_ads_checkpoint/xlm_roberta-job_ads_checkpoint-withContext-embs.jsonl.bz2 [2023-01-04 17:30:08,645]
INFO:[build_vectors_and_index.py:393] - The embeddings "without" context will be stored in file /cluster/scratch/yakram/sbert-copy/vectors/de_vectors/xlm_roberta-job_ads_checkpoint/xlm_roberta-job_ads_checkpoint-noContext-embs.jsonl.bz2 [2023-01-04 17:30:08,645]
INFO:[build_vectors_and_index.py:400] - The random sample file has been loaded [2023-01-04 17:30:08,683]
INFO:[build_vectors_and_index.py:407] - The challenge sample file has been loaded [2023-01-04 17:30:08,717]
INFO:[build_vectors_and_index.py:269] - Collecting sentences for document type: jobads [2023-01-04 17:30:08,727]
INFO:[build_vectors_and_index.py:288] - The contextualized and the original sentences for the sample random_sample have been collected [2023-01-04 17:30:08,742]
INFO:[build_vectors_and_index.py:290] - Creating embeddings for contextualized sentences for sample random_sample and document jobads [2023-01-04 17:30:08,742]
INFO:[build_vectors_and_index.py:293] - Creating embeddings for original sentences for sample random_sample and document jobads [2023-01-04 17:30:11,269]
INFO:[build_vectors_and_index.py:298] - The vector file paths are: ['/cluster/scratch/yakram/sbert-copy/vectors/de_vectors/xlm_roberta-job_ads_checkpoint/random_sample-withContext-embs.jsonl.bz2', '/cluster/scratch/yakram/sbert-copy/vectors/de_vectors/xlm_roberta-job_ads_checkpoint/random_sample-noContext-embs.jsonl.bz2']. Embeddings will be written in these paths [2023-01-04 17:30:11,303]
INFO:[build_vectors_and_index.py:310] - The embeddings for jobads with context: True are written
 [2023-01-04 17:30:11,545]
INFO:[build_vectors_and_index.py:269] - Collecting sentences for document type: jobads [2023-01-04 17:30:11,552]
INFO:[build_vectors_and_index.py:288] - The contextualized and the original sentences for the sample challenge_sample have been collected [2023-01-04 17:30:11,562]
INFO:[build_vectors_and_index.py:290] - Creating embeddings for contextualized sentences for sample challenge_sample and document jobads [2023-01-04 17:30:11,562]
INFO:[build_vectors_and_index.py:293] - Creating embeddings for original sentences for sample challenge_sample and document jobads [2023-01-04 17:30:11,611]
INFO:[build_vectors_and_index.py:298] - The vector file paths are: ['/cluster/scratch/yakram/sbert-copy/vectors/de_vectors/xlm_roberta-job_ads_checkpoint/challenge_sample-withContext-embs.jsonl.bz2', '/cluster/scratch/yakram/sbert-copy/vectors/de_vectors/xlm_roberta-job_ads_checkpoint/challenge_sample-noContext-embs.jsonl.bz2']. Embeddings will be written in these paths [2023-01-04 17:30:11,632]
INFO:[build_vectors_and_index.py:310] - The embeddings for jobads with context: False are written
 [2023-01-04 17:30:11,809]
INFO:[build_vectors_and_index.py:439] - Creating embeddings for ESCO data [2023-01-04 17:30:11,809]
INFO:[build_vectors_and_index.py:313] - Collecting sentences for document type: esco [2023-01-04 17:30:11,872]
INFO:[build_vectors_and_index.py:249] - yielding batch nr 1 with 100 ads [2023-01-04 17:30:11,952]
INFO:[build_vectors_and_index.py:249] - yielding batch nr 2 with 100 ads [2023-01-04 17:30:13,137]
INFO:[build_vectors_and_index.py:249] - yielding batch nr 3 with 100 ads [2023-01-04 17:30:14,219]
INFO:[build_vectors_and_index.py:249] - yielding batch nr 4 with 100 ads [2023-01-04 17:30:15,488]
INFO:[build_vectors_and_index.py:249] - yielding batch nr 5 with 100 ads [2023-01-04 17:30:16,578]
INFO:[build_vectors_and_index.py:249] - yielding batch nr 6 with 100 ads [2023-01-04 17:30:17,838]
INFO:[build_vectors_and_index.py:249] - yielding batch nr 7 with 100 ads [2023-01-04 17:30:18,940]
INFO:[build_vectors_and_index.py:249] - yielding batch nr 8 with 100 ads [2023-01-04 17:30:19,996]
INFO:[build_vectors_and_index.py:249] - yielding batch nr 9 with 100 ads [2023-01-04 17:30:21,081]
INFO:[build_vectors_and_index.py:249] - yielding batch nr 10 with 100 ads [2023-01-04 17:30:22,221]
INFO:[build_vectors_and_index.py:249] - yielding batch nr 11 with 100 ads [2023-01-04 17:30:23,318]
INFO:[build_vectors_and_index.py:249] - yielding batch nr 12 with 100 ads [2023-01-04 17:30:24,409]
INFO:[build_vectors_and_index.py:249] - yielding batch nr 13 with 100 ads [2023-01-04 17:30:25,488]
INFO:[build_vectors_and_index.py:249] - yielding batch nr 14 with 100 ads [2023-01-04 17:30:26,532]
INFO:[build_vectors_and_index.py:249] - yielding batch nr 15 with 100 ads [2023-01-04 17:30:27,563]
INFO:[build_vectors_and_index.py:249] - yielding batch nr 16 with 100 ads [2023-01-04 17:30:28,823]
INFO:[build_vectors_and_index.py:249] - yielding batch nr 17 with 100 ads [2023-01-04 17:30:29,938]
INFO:[build_vectors_and_index.py:249] - yielding batch nr 18 with 100 ads [2023-01-04 17:30:30,986]
INFO:[build_vectors_and_index.py:249] - yielding batch nr 19 with 100 ads [2023-01-04 17:30:32,034]
INFO:[build_vectors_and_index.py:249] - yielding batch nr 20 with 100 ads [2023-01-04 17:30:33,098]
INFO:[build_vectors_and_index.py:249] - yielding batch nr 21 with 100 ads [2023-01-04 17:30:34,138]
INFO:[build_vectors_and_index.py:249] - yielding batch nr 22 with 100 ads [2023-01-04 17:30:35,204]
INFO:[build_vectors_and_index.py:249] - yielding batch nr 23 with 100 ads [2023-01-04 17:30:36,293]
INFO:[build_vectors_and_index.py:249] - yielding batch nr 24 with 100 ads [2023-01-04 17:30:37,371]
INFO:[build_vectors_and_index.py:249] - yielding batch nr 25 with 100 ads [2023-01-04 17:30:38,428]
INFO:[build_vectors_and_index.py:249] - yielding batch nr 26 with 100 ads [2023-01-04 17:30:39,476]
INFO:[build_vectors_and_index.py:249] - yielding batch nr 27 with 100 ads [2023-01-04 17:30:40,754]
INFO:[build_vectors_and_index.py:249] - yielding batch nr 28 with 100 ads [2023-01-04 17:30:41,806]
INFO:[build_vectors_and_index.py:249] - yielding batch nr 29 with 100 ads [2023-01-04 17:30:42,857]
INFO:[build_vectors_and_index.py:249] - yielding batch nr 30 with 100 ads [2023-01-04 17:30:43,904]
INFO:[build_vectors_and_index.py:249] - yielding batch nr 31 with 100 ads [2023-01-04 17:30:44,956]
INFO:[build_vectors_and_index.py:249] - yielding batch nr 32 with 100 ads [2023-01-04 17:30:45,996]
INFO:[build_vectors_and_index.py:249] - yielding batch nr 33 with 100 ads [2023-01-04 17:30:47,067]
INFO:[build_vectors_and_index.py:249] - yielding batch nr 34 with 100 ads [2023-01-04 17:30:48,110]
INFO:[build_vectors_and_index.py:249] - yielding batch nr 35 with 100 ads [2023-01-04 17:30:49,150]
INFO:[build_vectors_and_index.py:249] - yielding batch nr 36 with 100 ads [2023-01-04 17:30:50,200]
INFO:[build_vectors_and_index.py:249] - yielding batch nr 37 with 100 ads [2023-01-04 17:30:51,363]
INFO:[build_vectors_and_index.py:249] - yielding batch nr 38 with 100 ads [2023-01-04 17:30:52,603]
INFO:[build_vectors_and_index.py:249] - yielding batch nr 39 with 100 ads [2023-01-04 17:30:53,660]
INFO:[build_vectors_and_index.py:249] - yielding batch nr 40 with 100 ads [2023-01-04 17:30:54,718]
INFO:[build_vectors_and_index.py:249] - yielding batch nr 41 with 100 ads [2023-01-04 17:30:55,799]
INFO:[build_vectors_and_index.py:249] - yielding batch nr 42 with 100 ads [2023-01-04 17:30:56,860]
INFO:[build_vectors_and_index.py:249] - yielding batch nr 43 with 100 ads [2023-01-04 17:30:57,924]
INFO:[build_vectors_and_index.py:249] - yielding batch nr 44 with 100 ads [2023-01-04 17:30:59,010]
INFO:[build_vectors_and_index.py:249] - yielding batch nr 45 with 100 ads [2023-01-04 17:31:00,109]
INFO:[build_vectors_and_index.py:249] - yielding batch nr 46 with 100 ads [2023-01-04 17:31:01,222]
INFO:[build_vectors_and_index.py:249] - yielding batch nr 47 with 100 ads [2023-01-04 17:31:02,327]
INFO:[build_vectors_and_index.py:249] - yielding batch nr 48 with 100 ads [2023-01-04 17:31:03,434]
INFO:[build_vectors_and_index.py:249] - yielding batch nr 49 with 100 ads [2023-01-04 17:31:04,610]
INFO:[build_vectors_and_index.py:249] - yielding batch nr 50 with 100 ads [2023-01-04 17:31:05,693]
INFO:[build_vectors_and_index.py:249] - yielding batch nr 51 with 100 ads [2023-01-04 17:31:06,829]
INFO:[build_vectors_and_index.py:249] - yielding batch nr 52 with 100 ads [2023-01-04 17:31:07,896]
INFO:[build_vectors_and_index.py:249] - yielding batch nr 53 with 100 ads [2023-01-04 17:31:08,993]
INFO:[build_vectors_and_index.py:249] - yielding batch nr 54 with 100 ads [2023-01-04 17:31:10,073]
INFO:[build_vectors_and_index.py:249] - yielding batch nr 55 with 100 ads [2023-01-04 17:31:11,151]
INFO:[build_vectors_and_index.py:249] - yielding batch nr 56 with 100 ads [2023-01-04 17:31:12,231]
INFO:[build_vectors_and_index.py:249] - yielding batch nr 57 with 100 ads [2023-01-04 17:31:13,295]
INFO:[build_vectors_and_index.py:249] - yielding batch nr 58 with 100 ads [2023-01-04 17:31:14,393]
INFO:[build_vectors_and_index.py:249] - yielding batch nr 59 with 100 ads [2023-01-04 17:31:15,462]
INFO:[build_vectors_and_index.py:249] - yielding batch nr 60 with 100 ads [2023-01-04 17:31:16,547]
INFO:[build_vectors_and_index.py:249] - yielding batch nr 61 with 100 ads [2023-01-04 17:31:17,754]
INFO:[build_vectors_and_index.py:249] - yielding batch nr 62 with 100 ads [2023-01-04 17:31:18,855]
INFO:[build_vectors_and_index.py:249] - yielding batch nr 63 with 100 ads [2023-01-04 17:31:19,891]
INFO:[build_vectors_and_index.py:249] - yielding batch nr 64 with 100 ads [2023-01-04 17:31:20,977]
INFO:[build_vectors_and_index.py:249] - yielding batch nr 65 with 100 ads [2023-01-04 17:31:22,035]
INFO:[build_vectors_and_index.py:249] - yielding batch nr 66 with 100 ads [2023-01-04 17:31:23,103]
INFO:[build_vectors_and_index.py:249] - yielding batch nr 67 with 100 ads [2023-01-04 17:31:24,167]
INFO:[build_vectors_and_index.py:249] - yielding batch nr 68 with 100 ads [2023-01-04 17:31:25,241]
INFO:[build_vectors_and_index.py:249] - yielding batch nr 69 with 100 ads [2023-01-04 17:31:26,373]
INFO:[build_vectors_and_index.py:249] - yielding batch nr 70 with 100 ads [2023-01-04 17:31:27,491]
INFO:[build_vectors_and_index.py:249] - yielding batch nr 71 with 100 ads [2023-01-04 17:31:28,484]
INFO:[build_vectors_and_index.py:249] - yielding batch nr 72 with 100 ads [2023-01-04 17:31:29,669]
INFO:[build_vectors_and_index.py:249] - yielding batch nr 73 with 100 ads [2023-01-04 17:31:30,721]
INFO:[build_vectors_and_index.py:249] - yielding batch nr 74 with 100 ads [2023-01-04 17:31:31,864]
INFO:[build_vectors_and_index.py:249] - yielding batch nr 75 with 100 ads [2023-01-04 17:31:32,975]
INFO:[build_vectors_and_index.py:249] - yielding batch nr 76 with 100 ads [2023-01-04 17:31:34,067]
INFO:[build_vectors_and_index.py:249] - yielding batch nr 77 with 100 ads [2023-01-04 17:31:35,109]
INFO:[build_vectors_and_index.py:249] - yielding batch nr 78 with 100 ads [2023-01-04 17:31:36,199]
INFO:[build_vectors_and_index.py:249] - yielding batch nr 79 with 100 ads [2023-01-04 17:31:37,352]
INFO:[build_vectors_and_index.py:249] - yielding batch nr 80 with 100 ads [2023-01-04 17:31:38,532]
INFO:[build_vectors_and_index.py:249] - yielding batch nr 81 with 100 ads [2023-01-04 17:31:39,544]
INFO:[build_vectors_and_index.py:249] - yielding batch nr 82 with 100 ads [2023-01-04 17:31:40,618]
INFO:[build_vectors_and_index.py:249] - yielding batch nr 83 with 100 ads [2023-01-04 17:31:41,832]
INFO:[build_vectors_and_index.py:249] - yielding batch nr 84 with 100 ads [2023-01-04 17:31:42,944]
INFO:[build_vectors_and_index.py:249] - yielding batch nr 85 with 100 ads [2023-01-04 17:31:43,952]
INFO:[build_vectors_and_index.py:249] - yielding batch nr 86 with 100 ads [2023-01-04 17:31:45,022]
INFO:[build_vectors_and_index.py:249] - yielding batch nr 87 with 100 ads [2023-01-04 17:31:46,095]
INFO:[build_vectors_and_index.py:249] - yielding batch nr 88 with 100 ads [2023-01-04 17:31:47,228]
INFO:[build_vectors_and_index.py:249] - yielding batch nr 89 with 100 ads [2023-01-04 17:31:48,249]
INFO:[build_vectors_and_index.py:249] - yielding batch nr 90 with 100 ads [2023-01-04 17:31:49,321]
INFO:[build_vectors_and_index.py:249] - yielding batch nr 91 with 100 ads [2023-01-04 17:31:50,374]
INFO:[build_vectors_and_index.py:249] - yielding batch nr 92 with 100 ads [2023-01-04 17:31:51,539]
INFO:[build_vectors_and_index.py:249] - yielding batch nr 93 with 100 ads [2023-01-04 17:31:52,655]
INFO:[build_vectors_and_index.py:249] - yielding batch nr 94 with 100 ads [2023-01-04 17:31:53,739]
INFO:[build_vectors_and_index.py:249] - yielding batch nr 95 with 100 ads [2023-01-04 17:31:54,901]
INFO:[build_vectors_and_index.py:249] - yielding batch nr 96 with 100 ads [2023-01-04 17:31:56,012]
INFO:[build_vectors_and_index.py:249] - yielding batch nr 97 with 100 ads [2023-01-04 17:31:57,068]
INFO:[build_vectors_and_index.py:249] - yielding batch nr 98 with 100 ads [2023-01-04 17:31:58,123]
INFO:[build_vectors_and_index.py:249] - yielding batch nr 99 with 100 ads [2023-01-04 17:31:59,204]
INFO:[build_vectors_and_index.py:249] - yielding batch nr 100 with 100 ads [2023-01-04 17:32:00,234]
INFO:[build_vectors_and_index.py:249] - yielding batch nr 101 with 100 ads [2023-01-04 17:32:01,337]
INFO:[build_vectors_and_index.py:249] - yielding batch nr 102 with 100 ads [2023-01-04 17:32:02,435]
INFO:[build_vectors_and_index.py:249] - yielding batch nr 103 with 100 ads [2023-01-04 17:32:03,540]
INFO:[build_vectors_and_index.py:249] - yielding batch nr 104 with 100 ads [2023-01-04 17:32:04,583]
INFO:[build_vectors_and_index.py:249] - yielding batch nr 105 with 100 ads [2023-01-04 17:32:05,747]
INFO:[build_vectors_and_index.py:249] - yielding batch nr 106 with 100 ads [2023-01-04 17:32:06,899]
INFO:[build_vectors_and_index.py:249] - yielding batch nr 107 with 100 ads [2023-01-04 17:32:07,992]
INFO:[build_vectors_and_index.py:249] - yielding batch nr 108 with 100 ads [2023-01-04 17:32:09,056]
INFO:[build_vectors_and_index.py:249] - yielding batch nr 109 with 100 ads [2023-01-04 17:32:10,096]
INFO:[build_vectors_and_index.py:249] - yielding batch nr 110 with 100 ads [2023-01-04 17:32:11,212]
INFO:[build_vectors_and_index.py:249] - yielding batch nr 111 with 100 ads [2023-01-04 17:32:12,285]
INFO:[build_vectors_and_index.py:249] - yielding batch nr 112 with 100 ads [2023-01-04 17:32:13,344]
INFO:[build_vectors_and_index.py:249] - yielding batch nr 113 with 100 ads [2023-01-04 17:32:14,394]
INFO:[build_vectors_and_index.py:249] - yielding batch nr 114 with 100 ads [2023-01-04 17:32:15,465]
INFO:[build_vectors_and_index.py:249] - yielding batch nr 115 with 100 ads [2023-01-04 17:32:16,631]
INFO:[build_vectors_and_index.py:249] - yielding batch nr 116 with 100 ads [2023-01-04 17:32:17,708]
INFO:[build_vectors_and_index.py:249] - yielding batch nr 117 with 100 ads [2023-01-04 17:32:18,923]
INFO:[build_vectors_and_index.py:249] - yielding batch nr 118 with 100 ads [2023-01-04 17:32:19,940]
INFO:[build_vectors_and_index.py:249] - yielding batch nr 119 with 100 ads [2023-01-04 17:32:20,991]
INFO:[build_vectors_and_index.py:249] - yielding batch nr 120 with 100 ads [2023-01-04 17:32:22,086]
INFO:[build_vectors_and_index.py:249] - yielding batch nr 121 with 100 ads [2023-01-04 17:32:23,173]
INFO:[build_vectors_and_index.py:249] - yielding batch nr 122 with 100 ads [2023-01-04 17:32:24,237]
INFO:[build_vectors_and_index.py:249] - yielding batch nr 123 with 100 ads [2023-01-04 17:32:25,315]
INFO:[build_vectors_and_index.py:249] - yielding batch nr 124 with 100 ads [2023-01-04 17:32:26,390]
INFO:[build_vectors_and_index.py:249] - yielding batch nr 125 with 100 ads [2023-01-04 17:32:27,489]
INFO:[build_vectors_and_index.py:249] - yielding batch nr 126 with 100 ads [2023-01-04 17:32:28,567]
INFO:[build_vectors_and_index.py:249] - yielding batch nr 127 with 100 ads [2023-01-04 17:32:29,615]
INFO:[build_vectors_and_index.py:249] - yielding batch nr 128 with 100 ads [2023-01-04 17:32:30,849]
INFO:[build_vectors_and_index.py:249] - yielding batch nr 129 with 100 ads [2023-01-04 17:32:31,880]
INFO:[build_vectors_and_index.py:249] - yielding batch nr 130 with 100 ads [2023-01-04 17:32:32,953]
INFO:[build_vectors_and_index.py:249] - yielding batch nr 131 with 100 ads [2023-01-04 17:32:34,025]
INFO:[build_vectors_and_index.py:249] - yielding batch nr 132 with 100 ads [2023-01-04 17:32:35,052]
INFO:[build_vectors_and_index.py:249] - yielding batch nr 133 with 100 ads [2023-01-04 17:32:36,107]
INFO:[build_vectors_and_index.py:249] - yielding batch nr 134 with 100 ads [2023-01-04 17:32:37,270]
INFO:[build_vectors_and_index.py:249] - yielding batch nr 135 with 100 ads [2023-01-04 17:32:38,370]
INFO:[build_vectors_and_index.py:249] - yielding batch nr 136 with 100 ads [2023-01-04 17:32:39,453]
INFO:[build_vectors_and_index.py:249] - yielding batch nr 137 with 100 ads [2023-01-04 17:32:40,516]
INFO:[build_vectors_and_index.py:249] - yielding batch nr 138 with 100 ads [2023-01-04 17:32:41,567]
INFO:[build_vectors_and_index.py:249] - yielding batch nr 139 with 100 ads [2023-01-04 17:32:42,649]
INFO:[build_vectors_and_index.py:249] - yielding batch nr 140 with 100 ads [2023-01-04 17:32:43,882]
INFO:[build_vectors_and_index.py:249] - yielding batch nr 141 with 100 ads [2023-01-04 17:32:44,951]
INFO:[build_vectors_and_index.py:249] - yielding batch nr 142 with 100 ads [2023-01-04 17:32:46,027]
INFO:[build_vectors_and_index.py:249] - yielding batch nr 143 with 100 ads [2023-01-04 17:32:47,070]
INFO:[build_vectors_and_index.py:249] - yielding batch nr 144 with 100 ads [2023-01-04 17:32:48,152]
INFO:[build_vectors_and_index.py:249] - yielding batch nr 145 with 100 ads [2023-01-04 17:32:49,255]
INFO:[build_vectors_and_index.py:249] - yielding batch nr 146 with 100 ads [2023-01-04 17:32:50,378]
INFO:[build_vectors_and_index.py:249] - yielding batch nr 147 with 100 ads [2023-01-04 17:32:51,489]
INFO:[build_vectors_and_index.py:249] - yielding batch nr 148 with 100 ads [2023-01-04 17:32:52,585]
INFO:[build_vectors_and_index.py:249] - yielding batch nr 149 with 100 ads [2023-01-04 17:32:53,705]
INFO:[build_vectors_and_index.py:249] - yielding batch nr 150 with 100 ads [2023-01-04 17:32:54,770]
INFO:[build_vectors_and_index.py:249] - yielding batch nr 151 with 100 ads [2023-01-04 17:32:55,937]
INFO:[build_vectors_and_index.py:249] - yielding batch nr 152 with 100 ads [2023-01-04 17:32:56,989]
INFO:[build_vectors_and_index.py:249] - yielding batch nr 153 with 100 ads [2023-01-04 17:32:58,065]
INFO:[build_vectors_and_index.py:249] - yielding batch nr 154 with 100 ads [2023-01-04 17:32:59,155]
INFO:[build_vectors_and_index.py:249] - yielding batch nr 155 with 100 ads [2023-01-04 17:33:00,232]
INFO:[build_vectors_and_index.py:249] - yielding batch nr 156 with 100 ads [2023-01-04 17:33:01,385]
INFO:[build_vectors_and_index.py:249] - yielding batch nr 157 with 100 ads [2023-01-04 17:33:02,469]
INFO:[build_vectors_and_index.py:249] - yielding batch nr 158 with 100 ads [2023-01-04 17:33:03,609]
INFO:[build_vectors_and_index.py:249] - yielding batch nr 159 with 100 ads [2023-01-04 17:33:04,729]
INFO:[build_vectors_and_index.py:249] - yielding batch nr 160 with 100 ads [2023-01-04 17:33:05,846]
INFO:[build_vectors_and_index.py:249] - yielding batch nr 161 with 100 ads [2023-01-04 17:33:06,929]
INFO:[build_vectors_and_index.py:249] - yielding batch nr 162 with 100 ads [2023-01-04 17:33:08,107]
INFO:[build_vectors_and_index.py:249] - yielding batch nr 163 with 100 ads [2023-01-04 17:33:09,189]
INFO:[build_vectors_and_index.py:249] - yielding batch nr 164 with 100 ads [2023-01-04 17:33:10,292]
INFO:[build_vectors_and_index.py:249] - yielding batch nr 165 with 100 ads [2023-01-04 17:33:11,368]
INFO:[build_vectors_and_index.py:249] - yielding batch nr 166 with 100 ads [2023-01-04 17:33:12,452]
INFO:[build_vectors_and_index.py:249] - yielding batch nr 167 with 100 ads [2023-01-04 17:33:13,610]
INFO:[build_vectors_and_index.py:249] - yielding batch nr 168 with 100 ads [2023-01-04 17:33:14,666]
INFO:[build_vectors_and_index.py:249] - yielding batch nr 169 with 100 ads [2023-01-04 17:33:15,730]
INFO:[build_vectors_and_index.py:249] - yielding batch nr 170 with 100 ads [2023-01-04 17:33:16,865]
INFO:[build_vectors_and_index.py:249] - yielding batch nr 171 with 100 ads [2023-01-04 17:33:17,929]
INFO:[build_vectors_and_index.py:249] - yielding batch nr 172 with 100 ads [2023-01-04 17:33:19,040]
INFO:[build_vectors_and_index.py:249] - yielding batch nr 173 with 100 ads [2023-01-04 17:33:20,087]
INFO:[build_vectors_and_index.py:249] - yielding batch nr 174 with 100 ads [2023-01-04 17:33:21,219]
INFO:[build_vectors_and_index.py:249] - yielding batch nr 175 with 100 ads [2023-01-04 17:33:22,345]
INFO:[build_vectors_and_index.py:249] - yielding batch nr 176 with 100 ads [2023-01-04 17:33:23,418]
INFO:[build_vectors_and_index.py:249] - yielding batch nr 177 with 100 ads [2023-01-04 17:33:24,592]
INFO:[build_vectors_and_index.py:249] - yielding batch nr 178 with 100 ads [2023-01-04 17:33:25,645]
INFO:[build_vectors_and_index.py:249] - yielding batch nr 179 with 100 ads [2023-01-04 17:33:26,695]
INFO:[build_vectors_and_index.py:249] - yielding batch nr 180 with 100 ads [2023-01-04 17:33:27,729]
INFO:[build_vectors_and_index.py:249] - yielding batch nr 181 with 100 ads [2023-01-04 17:33:28,861]
INFO:[build_vectors_and_index.py:249] - yielding batch nr 182 with 100 ads [2023-01-04 17:33:29,884]
INFO:[build_vectors_and_index.py:249] - yielding batch nr 183 with 100 ads [2023-01-04 17:33:30,900]
INFO:[build_vectors_and_index.py:249] - yielding batch nr 184 with 100 ads [2023-01-04 17:33:31,965]
INFO:[build_vectors_and_index.py:249] - yielding batch nr 185 with 100 ads [2023-01-04 17:33:33,090]
INFO:[build_vectors_and_index.py:249] - yielding batch nr 186 with 100 ads [2023-01-04 17:33:34,175]
INFO:[build_vectors_and_index.py:249] - yielding batch nr 187 with 100 ads [2023-01-04 17:33:35,175]
INFO:[build_vectors_and_index.py:249] - yielding batch nr 188 with 100 ads [2023-01-04 17:33:36,222]
INFO:[build_vectors_and_index.py:249] - yielding batch nr 189 with 100 ads [2023-01-04 17:33:37,275]
INFO:[build_vectors_and_index.py:249] - yielding batch nr 190 with 100 ads [2023-01-04 17:33:38,343]
INFO:[build_vectors_and_index.py:249] - yielding batch nr 191 with 100 ads [2023-01-04 17:33:39,458]
INFO:[build_vectors_and_index.py:249] - yielding batch nr 192 with 100 ads [2023-01-04 17:33:40,534]
INFO:[build_vectors_and_index.py:249] - yielding batch nr 193 with 100 ads [2023-01-04 17:33:41,639]
INFO:[build_vectors_and_index.py:249] - yielding batch nr 194 with 100 ads [2023-01-04 17:33:42,695]
INFO:[build_vectors_and_index.py:249] - yielding batch nr 195 with 100 ads [2023-01-04 17:33:43,803]
INFO:[build_vectors_and_index.py:249] - yielding batch nr 196 with 100 ads [2023-01-04 17:33:44,840]
INFO:[build_vectors_and_index.py:249] - yielding batch nr 197 with 100 ads [2023-01-04 17:33:46,076]
INFO:[build_vectors_and_index.py:249] - yielding batch nr 198 with 100 ads [2023-01-04 17:33:47,170]
INFO:[build_vectors_and_index.py:249] - yielding batch nr 199 with 100 ads [2023-01-04 17:33:48,266]
INFO:[build_vectors_and_index.py:249] - yielding batch nr 200 with 100 ads [2023-01-04 17:33:49,272]
INFO:[build_vectors_and_index.py:249] - yielding batch nr 201 with 100 ads [2023-01-04 17:33:50,336]
INFO:[build_vectors_and_index.py:249] - yielding batch nr 202 with 100 ads [2023-01-04 17:33:51,411]
INFO:[build_vectors_and_index.py:249] - yielding batch nr 203 with 100 ads [2023-01-04 17:33:52,488]
INFO:[build_vectors_and_index.py:249] - yielding batch nr 204 with 100 ads [2023-01-04 17:33:53,649]
INFO:[build_vectors_and_index.py:249] - yielding batch nr 205 with 100 ads [2023-01-04 17:33:54,706]
INFO:[build_vectors_and_index.py:249] - yielding batch nr 206 with 100 ads [2023-01-04 17:33:55,810]
INFO:[build_vectors_and_index.py:249] - yielding batch nr 207 with 100 ads [2023-01-04 17:33:56,810]
INFO:[build_vectors_and_index.py:249] - yielding batch nr 208 with 100 ads [2023-01-04 17:33:57,985]
INFO:[build_vectors_and_index.py:249] - yielding batch nr 209 with 100 ads [2023-01-04 17:33:59,004]
INFO:[build_vectors_and_index.py:249] - yielding batch nr 210 with 100 ads [2023-01-04 17:34:00,018]
INFO:[build_vectors_and_index.py:249] - yielding batch nr 211 with 100 ads [2023-01-04 17:34:01,026]
INFO:[build_vectors_and_index.py:249] - yielding batch nr 212 with 100 ads [2023-01-04 17:34:02,055]
INFO:[build_vectors_and_index.py:249] - yielding batch nr 213 with 100 ads [2023-01-04 17:34:03,086]
INFO:[build_vectors_and_index.py:249] - yielding batch nr 214 with 100 ads [2023-01-04 17:34:04,090]
INFO:[build_vectors_and_index.py:249] - yielding batch nr 215 with 100 ads [2023-01-04 17:34:05,164]
INFO:[build_vectors_and_index.py:249] - yielding batch nr 216 with 100 ads [2023-01-04 17:34:06,225]
INFO:[build_vectors_and_index.py:249] - yielding batch nr 217 with 100 ads [2023-01-04 17:34:07,219]
INFO:[build_vectors_and_index.py:249] - yielding batch nr 218 with 100 ads [2023-01-04 17:34:08,308]
INFO:[build_vectors_and_index.py:249] - yielding batch nr 219 with 100 ads [2023-01-04 17:34:09,357]
INFO:[build_vectors_and_index.py:249] - yielding batch nr 220 with 100 ads [2023-01-04 17:34:10,535]
INFO:[build_vectors_and_index.py:249] - yielding batch nr 221 with 100 ads [2023-01-04 17:34:11,551]
INFO:[build_vectors_and_index.py:249] - yielding batch nr 222 with 100 ads [2023-01-04 17:34:12,579]
INFO:[build_vectors_and_index.py:249] - yielding batch nr 223 with 100 ads [2023-01-04 17:34:13,657]
INFO:[build_vectors_and_index.py:249] - yielding batch nr 224 with 100 ads [2023-01-04 17:34:14,669]
INFO:[build_vectors_and_index.py:249] - yielding batch nr 225 with 100 ads [2023-01-04 17:34:15,756]
INFO:[build_vectors_and_index.py:249] - yielding batch nr 226 with 100 ads [2023-01-04 17:34:16,773]
INFO:[build_vectors_and_index.py:249] - yielding batch nr 227 with 100 ads [2023-01-04 17:34:17,817]
INFO:[build_vectors_and_index.py:249] - yielding batch nr 228 with 100 ads [2023-01-04 17:34:18,853]
INFO:[build_vectors_and_index.py:249] - yielding batch nr 229 with 100 ads [2023-01-04 17:34:19,935]
INFO:[build_vectors_and_index.py:249] - yielding batch nr 230 with 100 ads [2023-01-04 17:34:21,009]
INFO:[build_vectors_and_index.py:249] - yielding batch nr 231 with 100 ads [2023-01-04 17:34:22,121]
INFO:[build_vectors_and_index.py:249] - yielding batch nr 232 with 100 ads [2023-01-04 17:34:23,116]
INFO:[build_vectors_and_index.py:249] - yielding batch nr 233 with 100 ads [2023-01-04 17:34:24,140]
INFO:[build_vectors_and_index.py:249] - yielding batch nr 234 with 100 ads [2023-01-04 17:34:25,200]
INFO:[build_vectors_and_index.py:249] - yielding batch nr 235 with 100 ads [2023-01-04 17:34:26,211]
INFO:[build_vectors_and_index.py:249] - yielding batch nr 236 with 100 ads [2023-01-04 17:34:27,167]
INFO:[build_vectors_and_index.py:249] - yielding batch nr 237 with 100 ads [2023-01-04 17:34:28,255]
INFO:[build_vectors_and_index.py:249] - yielding batch nr 238 with 100 ads [2023-01-04 17:34:29,190]
INFO:[build_vectors_and_index.py:249] - yielding batch nr 239 with 100 ads [2023-01-04 17:34:30,192]
INFO:[build_vectors_and_index.py:249] - yielding batch nr 240 with 100 ads [2023-01-04 17:34:31,222]
INFO:[build_vectors_and_index.py:249] - yielding batch nr 241 with 100 ads [2023-01-04 17:34:32,325]
INFO:[build_vectors_and_index.py:249] - yielding batch nr 242 with 100 ads [2023-01-04 17:34:33,426]
INFO:[build_vectors_and_index.py:357] - The vectors for esco terms are written in paths ['/cluster/scratch/yakram/sbert-copy/vectors/de_vectors/xlm_roberta-job_ads_checkpoint/esco-withContext-embs.jsonl.bz2', '/cluster/scratch/yakram/sbert-copy/vectors/de_vectors/xlm_roberta-job_ads_checkpoint/esco-noContext-embs.jsonl.bz2'] [2023-01-04 17:34:35,852]
INFO:[build_vectors_and_index.py:362] - The index paths are ['/cluster/scratch/yakram/sbert-copy/vectors/de_vectors/xlm_roberta-job_ads_checkpoint/esco-withContext-embs.index', '/cluster/scratch/yakram/sbert-copy/vectors/de_vectors/xlm_roberta-job_ads_checkpoint/esco-noContext-embs.index'] [2023-01-04 17:34:35,852]
INFO:[build_vectors_and_index.py:371] - The embedding file /cluster/scratch/yakram/sbert-copy/vectors/de_vectors/xlm_roberta-job_ads_checkpoint/esco-withContext-embs.jsonl.bz2 has been loaded [2023-01-04 17:35:07,060]
INFO:[build_vectors_and_index.py:379] - The index in the path /cluster/scratch/yakram/sbert-copy/vectors/de_vectors/xlm_roberta-job_ads_checkpoint/esco-withContext-embs.index is written [2023-01-04 17:35:08,277]
INFO:[build_vectors_and_index.py:371] - The embedding file /cluster/scratch/yakram/sbert-copy/vectors/de_vectors/xlm_roberta-job_ads_checkpoint/esco-noContext-embs.jsonl.bz2 has been loaded [2023-01-04 17:35:39,615]
INFO:[build_vectors_and_index.py:379] - The index in the path /cluster/scratch/yakram/sbert-copy/vectors/de_vectors/xlm_roberta-job_ads_checkpoint/esco-noContext-embs.index is written [2023-01-04 17:35:40,984]
INFO:[build_vectors_and_index.py:381] - All the indexes for the esco terms is now written in the directory ['/cluster/scratch/yakram/sbert-copy/vectors/de_vectors/xlm_roberta-job_ads_checkpoint/esco-withContext-embs.index', '/cluster/scratch/yakram/sbert-copy/vectors/de_vectors/xlm_roberta-job_ads_checkpoint/esco-noContext-embs.index'] [2023-01-04 17:35:40,984]
