INFO:[run_sparql_queries.py:90] - The configuration has been loaded, the language passed is en [2022-12-13 14:12:40,770]
INFO:[run_sparql_queries.py:94] - The job is starting with the configuration [2022-12-13 14:12:40,770]
INFO:[run_sparql_queries.py:95] - {'language': 'en', 'turtle_file': 'small_esco.ttl', 'logfile_name': 'english_data', 'results_directory': 'english_data', 'resume_queries': True, 'limit_data': False, 'run_mode': 'local'} [2022-12-13 14:12:40,770]
INFO:[run_sparql_queries.py:99] - The following directories will be checked: query folder and language results [2022-12-13 14:12:40,770]
INFO:[run_sparql_queries.py:133] - The queries will resume, while skipping all the queries present in the folder /home/tanmay/thesis/code/sbert-adaptation/turtle_files/english_data [2022-12-13 14:12:40,770]
INFO:[run_sparql_queries.py:157] - The file exists at the path, it will now be loaded. This operation might take a while, make sure sufficient memory is available for the graph to be loaded [2022-12-13 14:12:40,771]
INFO:[run_sparql_queries.py:165] - The graph is now loaded in memory [2022-12-13 14:12:40,813]
INFO:[run_sparql_queries.py:169] - The queries will now be loaded, and the resume flag will be checked to see if the query fetching should resume or start fresh [2022-12-13 14:12:40,813]
INFO:[run_sparql_queries.py:193] - The resume flag is set to true, queries for which the results exist will not be run [2022-12-13 14:12:40,814]
INFO:[run_sparql_queries.py:199] - The output file query_MemConcept_Broader.rq already exists in the output directory /home/tanmay/thesis/code/sbert-adaptation/turtle_files/english_data, and thus will not be recreated again in this case [2022-12-13 14:12:40,814]
INFO:[run_sparql_queries.py:199] - The output file query_MemConcept_BroaderTransitive.rq already exists in the output directory /home/tanmay/thesis/code/sbert-adaptation/turtle_files/english_data, and thus will not be recreated again in this case [2022-12-13 14:12:40,814]
INFO:[run_sparql_queries.py:199] - The output file query_MemConcept_Narrower.rq already exists in the output directory /home/tanmay/thesis/code/sbert-adaptation/turtle_files/english_data, and thus will not be recreated again in this case [2022-12-13 14:12:40,814]
INFO:[run_sparql_queries.py:199] - The output file query_MemConcept_RelatedOptionalSkill.rq already exists in the output directory /home/tanmay/thesis/code/sbert-adaptation/turtle_files/english_data, and thus will not be recreated again in this case [2022-12-13 14:12:40,814]
INFO:[run_sparql_queries.py:199] - The output file query_MemConcept_Schemes.rq already exists in the output directory /home/tanmay/thesis/code/sbert-adaptation/turtle_files/english_data, and thus will not be recreated again in this case [2022-12-13 14:12:40,814]
INFO:[run_sparql_queries.py:199] - The output file query_MemConcept_TopConceptOf.rq already exists in the output directory /home/tanmay/thesis/code/sbert-adaptation/turtle_files/english_data, and thus will not be recreated again in this case [2022-12-13 14:12:40,814]
INFO:[run_sparql_queries.py:199] - The output file query_MemConcept_altLabel.rq already exists in the output directory /home/tanmay/thesis/code/sbert-adaptation/turtle_files/english_data, and thus will not be recreated again in this case [2022-12-13 14:12:40,815]
INFO:[run_sparql_queries.py:199] - The output file query_MemConcept_description.rq already exists in the output directory /home/tanmay/thesis/code/sbert-adaptation/turtle_files/english_data, and thus will not be recreated again in this case [2022-12-13 14:12:40,815]
INFO:[run_sparql_queries.py:199] - The output file query_MemConcept_hiddenLabel.rq already exists in the output directory /home/tanmay/thesis/code/sbert-adaptation/turtle_files/english_data, and thus will not be recreated again in this case [2022-12-13 14:12:40,815]
INFO:[run_sparql_queries.py:199] - The output file query_MemConcept_isEssentialSkillFor.rq already exists in the output directory /home/tanmay/thesis/code/sbert-adaptation/turtle_files/english_data, and thus will not be recreated again in this case [2022-12-13 14:12:40,815]
INFO:[run_sparql_queries.py:199] - The output file query_MemConcept_isOptionalSkillFor.rq already exists in the output directory /home/tanmay/thesis/code/sbert-adaptation/turtle_files/english_data, and thus will not be recreated again in this case [2022-12-13 14:12:40,815]
INFO:[run_sparql_queries.py:199] - The output file query_MemConcept_prefLabel.rq already exists in the output directory /home/tanmay/thesis/code/sbert-adaptation/turtle_files/english_data, and thus will not be recreated again in this case [2022-12-13 14:12:40,815]
INFO:[run_sparql_queries.py:199] - The output file query_MemConcept_skillReuseLevel.rq already exists in the output directory /home/tanmay/thesis/code/sbert-adaptation/turtle_files/english_data, and thus will not be recreated again in this case [2022-12-13 14:12:40,815]
INFO:[run_sparql_queries.py:199] - The output file query_MemConcept_skillType.rq already exists in the output directory /home/tanmay/thesis/code/sbert-adaptation/turtle_files/english_data, and thus will not be recreated again in this case [2022-12-13 14:12:40,815]
INFO:[run_sparql_queries.py:199] - The output file query_SkillsHier_Broader.rq already exists in the output directory /home/tanmay/thesis/code/sbert-adaptation/turtle_files/english_data, and thus will not be recreated again in this case [2022-12-13 14:12:40,815]
INFO:[run_sparql_queries.py:199] - The output file query_SkillsHier_BroaderTransitive.rq already exists in the output directory /home/tanmay/thesis/code/sbert-adaptation/turtle_files/english_data, and thus will not be recreated again in this case [2022-12-13 14:12:40,816]
INFO:[run_sparql_queries.py:199] - The output file query_SkillsHier_Narrower.rq already exists in the output directory /home/tanmay/thesis/code/sbert-adaptation/turtle_files/english_data, and thus will not be recreated again in this case [2022-12-13 14:12:40,816]
INFO:[run_sparql_queries.py:199] - The output file query_SkillsHier_Schemes.rq already exists in the output directory /home/tanmay/thesis/code/sbert-adaptation/turtle_files/english_data, and thus will not be recreated again in this case [2022-12-13 14:12:40,816]
INFO:[run_sparql_queries.py:199] - The output file query_SkillsHier_altLabel.rq already exists in the output directory /home/tanmay/thesis/code/sbert-adaptation/turtle_files/english_data, and thus will not be recreated again in this case [2022-12-13 14:12:40,816]
INFO:[run_sparql_queries.py:199] - The output file query_SkillsHier_hiddenLabel.rq already exists in the output directory /home/tanmay/thesis/code/sbert-adaptation/turtle_files/english_data, and thus will not be recreated again in this case [2022-12-13 14:12:40,816]
INFO:[run_sparql_queries.py:199] - The output file query_SkillsHier_prefLabel.rq already exists in the output directory /home/tanmay/thesis/code/sbert-adaptation/turtle_files/english_data, and thus will not be recreated again in this case [2022-12-13 14:12:40,816]
INFO:[run_sparql_queries.py:199] - The output file query_SkillsHier_skillType.rq already exists in the output directory /home/tanmay/thesis/code/sbert-adaptation/turtle_files/english_data, and thus will not be recreated again in this case [2022-12-13 14:12:40,816]
